#
# A fatal error has been detected by the Java Runtime Environment:
#
#  EXCEPTION_ACCESS_VIOLATION (0xc0000005) at pc=0x00007fff8ed5bc8a, pid=3428, tid=24652
#
# JRE version: OpenJDK Runtime Environment Temurin-17.0.1+12 (17.0.1+12) (build 17.0.1+12)
# Java VM: OpenJDK 64-Bit Server VM Temurin-17.0.1+12 (17.0.1+12, mixed mode, tiered, compressed oops, compressed class ptrs, g1 gc, windows-amd64)
# Problematic frame:
# V  [jvm.dll+0x79bc8a]
#
# No core dump will be written. Minidumps are not enabled by default on client versions of Windows
#
# If you would like to submit a bug report, please visit:
#   https://github.com/adoptium/adoptium-support/issues
#

---------------  S U M M A R Y ------------

Command Line: -XX:+ShowCodeDetailsInExceptionMessages -agentlib:jdwp=transport=dt_socket,suspend=y,address=localhost:59300 -javaagent:C:\Users\umair\eclipse\jee-2021-12\eclipse\configuration\org.eclipse.osgi\418\0\.cp\lib\javaagent-shaded.jar -Dfile.encoding=UTF-8 npcs.App

Host: Intel(R) Core(TM) i7-8565U CPU @ 1.80GHz, 8 cores, 15G,  Windows 10 , 64 bit Build 22621 (10.0.22621.2428)
Time: Tue Oct 17 17:59:17 2023 GTB Summer Time elapsed time: 237.141254 seconds (0d 0h 3m 57s)

---------------  T H R E A D  ---------------

Current thread (0x000002519c3d60b0):  JavaThread "JDWP Transport Listener: dt_socket" daemon [_thread_in_vm, id=24652, stack(0x0000006506f00000,0x0000006507000000)]

Stack: [0x0000006506f00000,0x0000006507000000],  sp=0x0000006506fff4c0,  free space=1021k
Native frames: (J=compiled Java code, j=interpreted, Vv=VM code, C=native code)
V  [jvm.dll+0x79bc8a]
V  [jvm.dll+0x507e6c]
V  [jvm.dll+0x4cf4d4]
C  [jdwp.dll+0x22dff]


siginfo: EXCEPTION_ACCESS_VIOLATION (0xc0000005), reading address 0x0000000002a30024


Register to memory mapping:

RIP=0x00007fff8ed5bc8a jvm.dll
RAX=0x00000000000002a2 is an unknown value
RBX=0x00000251ffb82eb3 points into unknown readable memory: 6a 2f 71 75 65
RCX=0x0000000002a30020 is an unknown value
RDX=0x000002519daf3df0 points into unknown readable memory: 0x65722f7363706e4c | 4c 6e 70 63 73 2f 72 65
RSP=0x0000006506fff4c0 is pointing into the stack for thread: 0x000002519c3d60b0
RBP=0x00000251ffbdced0 points into unknown readable memory: 0x0000000000000002 | 02 00 00 00 00 00 00 00
RSI=0x0 is NULL
RDI=0xffffffffffffffff is an unknown value
R8 =0x0000000000000002 is an unknown value
R9 =0x0000000000000013 is an unknown value
R10=0x0 is NULL
R11=0x0000006506fff4e0 is pointing into the stack for thread: 0x000002519c3d60b0
R12=0x0000006506fff618 is pointing into the stack for thread: 0x000002519c3d60b0
R13=0x0 is NULL
R14=0x0000000800139ec8 is a pointer to class: 
npcs.rewriting.standard.Standard {0x0000000800139ed0}
 - instance size:     16
 - klass size:        239
 - access:            public synchronized 
 - state:             fully_initialized
 - name:              'npcs/rewriting/standard/Standard'
 - super:             'org/eclipse/rdf4j/query/algebra/helpers/AbstractQueryModelVisitor'
 - sub:               
 - arrays:            NULL
 - methods:           Array<T>(0x000002519e2a3e50)
 - method ordering:   Array<T>(0x000002519e2a8000)
 - default_methods:   Array<T>(0x0000000000000000)
 - local interfaces:  Array<T>(0x00000251ff000058)
 - trans. interfaces: Array<T>(0x000002519e223f90)
 - constants:         constant pool [735]/operands[63] {0x000002519e2ab8d0} for 'npcs/rewriting/standard/Standard' cache=0x000002519e2ad128
 - class loader data:  loader data: 0x00000251ffb612f0 for instance a 'jdk/internal/loader/ClassLoaders$AppClassLoader'{0x000000071240aaa8}
 - source file:       'Standard.java'
 - source debug extension:       SMAP
Standard.java
Java
*S jdt
*F
1 Standard.java
2 file:/D:/sparqlprovstar-rewriting/target/classes/
*L
*E

 - class annotations:       Array<T>(0x0000000000000000)
 - class type annotations:  Array<T>(0x0000000000000000)
 - field annotations:       Array<T>(0x0000000000000000)
 - field type annotations:  Array<T>(0x0000000000000000)
 - previous version:  constant pool [732]/operands[63] {0x000002519e2785d8} for 'npcs/rewriting/standard/Standard' (extra) cache=0x000002519e280000
 - generic signature: '
[error occurred during error reporting (printing register info), id 0xc0000005, EXCEPTION_ACCESS_VIOLATION (0xc0000005) at pc=0x00007fff8ed5c896]

Registers:
RAX=0x00000000000002a2, RBX=0x00000251ffb82eb3, RCX=0x0000000002a30020, RDX=0x000002519daf3df0
RSP=0x0000006506fff4c0, RBP=0x00000251ffbdced0, RSI=0x0000000000000000, RDI=0xffffffffffffffff
R8 =0x0000000000000002, R9 =0x0000000000000013, R10=0x0000000000000000, R11=0x0000006506fff4e0
R12=0x0000006506fff618, R13=0x0000000000000000, R14=0x0000000800139ec8, R15=0x0000006506fff668
RIP=0x00007fff8ed5bc8a, EFLAGS=0x0000000000010206

Top of Stack: (sp=0x0000006506fff4c0)
0x0000006506fff4c0:   0000000000000020 0000000800139ec8
0x0000006506fff4d0:   000002519c3d60b0 0000000000000000
0x0000006506fff4e0:   ffffffffffffffff 00007fff8eac7e6c
0x0000006506fff4f0:   00000251ffb82eb3 00000251ffb82e90
0x0000006506fff500:   00000251ffbdced0 000002519c6034d0
0x0000006506fff510:   00000251ffb82e50 00000000000003d8
0x0000006506fff520:   00000251ffb82e60 00000251ffb83238
0x0000006506fff530:   0000000000000002 0000006506fff618
0x0000006506fff540:   0000000000000000 0000000000000000
0x0000006506fff550:   0000000713058820 00007fff8ea8f4d4
0x0000006506fff560:   000002519c3d60b0 0000006506fff668
0x0000006506fff570:   00000251fc994c40 0000006506fff668
0x0000006506fff580:   000002519c3d60b0 0000000000000000
0x0000006506fff590:   0000025100000000 0000000000000000
0x0000006506fff5a0:   000000000000000d 00007fffc6332dff
0x0000006506fff5b0:   0000006506fff660 00007fffc6341aa0 

Instructions: (pc=0x00007fff8ed5bc8a)
0x00007fff8ed5bb8a:   48 83 c4 20 5f e9 3c a2 90 ff cc cc cc cc cc cc
0x00007fff8ed5bb9a:   cc cc cc cc cc cc 48 89 5c 24 08 57 48 83 ec 20
0x00007fff8ed5bbaa:   83 fa 02 8d 42 06 b9 08 00 00 00 49 8b d8 0f 4e
0x00007fff8ed5bbba:   c1 48 63 c8 48 83 c1 07 83 e1 f8 48 63 f9 49 8b
0x00007fff8ed5bbca:   48 18 48 8b c7 48 f7 d0 48 3b c1 73 16 4c 8d 05
0x00007fff8ed5bbda:   5a 55 17 00 48 8b d7 48 8b cb e8 47 05 91 ff 48
0x00007fff8ed5bbea:   8b 4b 18 48 8d 04 39 48 3b 43 20 76 18 45 33 c0
0x00007fff8ed5bbfa:   48 8b d7 48 8b cb 48 8b 5c 24 30 48 83 c4 20 5f
0x00007fff8ed5bc0a:   e9 a1 01 91 ff 48 89 43 18 48 8b c1 48 8b 5c 24
0x00007fff8ed5bc1a:   30 48 83 c4 20 5f c3 cc cc cc cc cc cc cc cc cc
0x00007fff8ed5bc2a:   cc cc cc cc cc cc 4c 8b d2 4c 8b d9 45 85 c0 7e
0x00007fff8ed5bc3a:   3c 44 0f b7 49 04 41 8d 40 ff 41 3b c1 44 0f 4c
0x00007fff8ed5bc4a:   c8 4d 63 c1 45 85 c9 7e 1f 48 8b c2 4c 2b da 49
0x00007fff8ed5bc5a:   8b d0 0f 1f 40 00 41 0f b6 4c 03 06 88 08 48 8d
0x00007fff8ed5bc6a:   40 01 48 83 ea 01 75 ee 43 c6 04 10 00 49 8b c2
0x00007fff8ed5bc7a:   c3 cc cc cc cc cc 48 89 5c 24 08 57 48 83 ec 20
0x00007fff8ed5bc8a:   0f b7 59 04 48 8b f9 33 d2 48 8d 4b 01 e8 24 e8
0x00007fff8ed5bc9a:   f2 ff 0f b7 57 04 4c 8b c0 3b da 0f 42 d3 44 8b
0x00007fff8ed5bcaa:   ca 85 d2 74 39 48 2b f8 0f 1f 40 00 66 66 0f 1f
0x00007fff8ed5bcba:   84 00 00 00 00 00 0f b6 4c 07 06 88 08 48 ff c0
0x00007fff8ed5bcca:   48 8b c8 49 2b c8 49 3b c9 7c eb 42 c6 04 02 00
0x00007fff8ed5bcda:   49 8b c0 48 8b 5c 24 30 48 83 c4 20 5f c3 48 8b
0x00007fff8ed5bcea:   5c 24 30 c6 04 02 00 48 83 c4 20 5f c3 cc cc cc
0x00007fff8ed5bcfa:   cc cc cc cc cc cc 4c 8b d1 45 85 c0 7e 6c 44 0f
0x00007fff8ed5bd0a:   b7 49 04 41 8d 40 ff 41 3b c1 44 0f 4c c8 4d 63
0x00007fff8ed5bd1a:   d9 45 85 c9 7e 22 48 8b ca 4c 2b d2 4d 8b c3 0f
0x00007fff8ed5bd2a:   1f 80 00 00 00 00 41 0f b6 44 0a 06 88 01 48 8d
0x00007fff8ed5bd3a:   49 01 49 83 e8 01 75 ee 41 c6 04 13 00 48 c7 c0
0x00007fff8ed5bd4a:   ff ff ff ff 66 90 48 ff c0 80 3c 02 00 75 f7 48
0x00007fff8ed5bd5a:   63 c8 85 c0 48 8b c2 7e 14 80 38 2f 75 03 c6 00
0x00007fff8ed5bd6a:   2e 48 ff c0 48 83 e9 01 75 ef 48 8b c2 c3 cc cc
0x00007fff8ed5bd7a:   cc cc cc cc cc cc 48 83 ec 28 e8 f7 fe ff ff 4c 


Stack slot to memory mapping:
stack at sp + 0 slots: 0x0000000000000020 is an unknown value
stack at sp + 1 slots: 0x0000000800139ec8 is a pointer to class: 
npcs.rewriting.standard.Standard {0x0000000800139ed0}
 - instance size:     16
 - klass size:        239
 - access:            public synchronized 
 - state:             fully_initialized
 - name:              'npcs/rewriting/standard/Standard'
 - super:             'org/eclipse/rdf4j/query/algebra/helpers/AbstractQueryModelVisitor'
 - sub:               
 - arrays:            NULL
 - methods:           Array<T>(0x000002519e2a3e50)
 - method ordering:   Array<T>(0x000002519e2a8000)
 - default_methods:   Array<T>(0x0000000000000000)
 - local interfaces:  Array<T>(0x00000251ff000058)
 - trans. interfaces: Array<T>(0x000002519e223f90)
 - constants:         constant pool [735]/operands[63] {0x000002519e2ab8d0} for 'npcs/rewriting/standard/Standard' cache=0x000002519e2ad128
 - class loader data:  loader data: 0x00000251ffb612f0 for instance a 'jdk/internal/loader/ClassLoaders$AppClassLoader'{0x000000071240aaa8}
 - source file:       'Standard.java'
 - source debug extension:       SMAP
Standard.java
Java
*S jdt
*F
1 Standard.java
2 file:/D:/sparqlprovstar-rewriting/target/classes/
*L
*E

 - class annotations:       Array<T>(0x0000000000000000)
 - class type annotations:  Array<T>(0x0000000000000000)
 - field annotations:       Array<T>(0x0000000000000000)
 - field type annotations:  Array<T>(0x0000000000000000)
 - previous version:  constant pool [732]/operands[63] {0x000002519e2785d8} for 'npcs/rewriting/standard/Standard' (extra) cache=0x000002519e280000
 - generic signature: '
[error occurred during error reporting (inspecting top of stack), id 0xc0000005, EXCEPTION_ACCESS_VIOLATION (0xc0000005) at pc=0x00007fff8ed5c896]


---------------  P R O C E S S  ---------------

Threads class SMR info:
_java_thread_list=0x000002519c649f50, length=15, elements={
0x00000251fc9a6980, 0x00000251ff81e0d0, 0x00000251ff81f010, 0x00000251ff89c820,
0x00000251ff89e1f0, 0x00000251ff8bb360, 0x00000251ff8bc1d0, 0x00000251ff8d02a0,
0x00000251ff8d0ba0, 0x00000251ff8f3c50, 0x00000251ff8bae90, 0x000002519c3d60b0,
0x000002519c3d6b70, 0x000002519c3d9890, 0x00000251ff8bcb70
}

Java Threads: ( => current thread )
  0x00000251fc9a6980 JavaThread "main" [_thread_blocked, id=18412, stack(0x0000006505e00000,0x0000006505f00000)]
  0x00000251ff81e0d0 JavaThread "Reference Handler" daemon [_thread_blocked, id=4160, stack(0x0000006506500000,0x0000006506600000)]
  0x00000251ff81f010 JavaThread "Finalizer" daemon [_thread_blocked, id=22176, stack(0x0000006506600000,0x0000006506700000)]
  0x00000251ff89c820 JavaThread "Signal Dispatcher" daemon [_thread_blocked, id=9584, stack(0x0000006506700000,0x0000006506800000)]
  0x00000251ff89e1f0 JavaThread "Attach Listener" daemon [_thread_blocked, id=13496, stack(0x0000006506800000,0x0000006506900000)]
  0x00000251ff8bb360 JavaThread "Service Thread" daemon [_thread_blocked, id=17532, stack(0x0000006506900000,0x0000006506a00000)]
  0x00000251ff8bc1d0 JavaThread "Monitor Deflation Thread" daemon [_thread_blocked, id=22844, stack(0x0000006506a00000,0x0000006506b00000)]
  0x00000251ff8d02a0 JavaThread "C2 CompilerThread0" daemon [_thread_blocked, id=5840, stack(0x0000006506b00000,0x0000006506c00000)]
  0x00000251ff8d0ba0 JavaThread "C1 CompilerThread0" daemon [_thread_blocked, id=14096, stack(0x0000006506c00000,0x0000006506d00000)]
  0x00000251ff8f3c50 JavaThread "Sweeper thread" daemon [_thread_blocked, id=23008, stack(0x0000006506d00000,0x0000006506e00000)]
  0x00000251ff8bae90 JavaThread "Common-Cleaner" daemon [_thread_blocked, id=8032, stack(0x0000006506e00000,0x0000006506f00000)]
=>0x000002519c3d60b0 JavaThread "JDWP Transport Listener: dt_socket" daemon [_thread_in_vm, id=24652, stack(0x0000006506f00000,0x0000006507000000)]
  0x000002519c3d6b70 JavaThread "JDWP Event Helper Thread" daemon [_thread_blocked, id=4156, stack(0x0000006507000000,0x0000006507100000)]
  0x000002519c3d9890 JavaThread "JDWP Command Reader" daemon [_thread_in_native, id=12528, stack(0x0000006507100000,0x0000006507200000)]
  0x00000251ff8bcb70 JavaThread "Notification Thread" daemon [_thread_blocked, id=14216, stack(0x0000006507300000,0x0000006507400000)]

Other Threads:
  0x00000251ff854030 VMThread "VM Thread" [stack: 0x0000006506400000,0x0000006506500000] [id=24664]
  0x000002519cb13ae0 WatcherThread [stack: 0x0000006507400000,0x0000006507500000] [id=24356]
  0x00000251fc9f9160 GCTaskThread "GC Thread#0" [stack: 0x0000006505f00000,0x0000006506000000] [id=2544]
  0x000002519c481ec0 GCTaskThread "GC Thread#1" [stack: 0x0000006507500000,0x0000006507600000] [id=23540]
  0x000002519c61ebc0 GCTaskThread "GC Thread#2" [stack: 0x0000006507600000,0x0000006507700000] [id=19884]
  0x000002519c61ee70 GCTaskThread "GC Thread#3" [stack: 0x0000006507700000,0x0000006507800000] [id=1748]
  0x000002519c549d00 GCTaskThread "GC Thread#4" [stack: 0x0000006507800000,0x0000006507900000] [id=16508]
  0x000002519c549fb0 GCTaskThread "GC Thread#5" [stack: 0x0000006507900000,0x0000006507a00000] [id=10000]
  0x00000251ffa75eb0 GCTaskThread "GC Thread#6" [stack: 0x0000006507a00000,0x0000006507b00000] [id=8640]
  0x00000251fca0a510 ConcurrentGCThread "G1 Main Marker" [stack: 0x0000006506000000,0x0000006506100000] [id=20556]
  0x00000251fca0af20 ConcurrentGCThread "G1 Conc#0" [stack: 0x0000006506100000,0x0000006506200000] [id=18744]
  0x00000251fee344f0 ConcurrentGCThread "G1 Refine#0" [stack: 0x0000006506200000,0x0000006506300000] [id=21564]
  0x00000251fee35780 ConcurrentGCThread "G1 Service" [stack: 0x0000006506300000,0x0000006506400000] [id=10840]

Threads with active compile tasks:

VM state: not at safepoint (normal execution)

VM Mutex/Monitor currently owned by a thread: None

Heap address: 0x0000000704000000, size: 4032 MB, Compressed Oops mode: Zero based, Oop shift amount: 3

CDS archive(s) not mapped
Compressed class space mapped at: 0x0000000800000000-0x0000000840000000, reserved size: 1073741824
Narrow klass base: 0x0000000800000000, Narrow klass shift: 0, Narrow klass range: 0x40000000

GC Precious Log:
 CPUs: 8 total, 8 available
 Memory: 16120M
 Large Page Support: Disabled
 NUMA Support: Disabled
 Compressed Oops: Enabled (Zero based)
 Heap Region Size: 2M
 Heap Min Capacity: 8M
 Heap Initial Capacity: 252M
 Heap Max Capacity: 4032M
 Pre-touch: Disabled
 Parallel Workers: 8
 Concurrent Workers: 2
 Concurrent Refinement Workers: 8
 Periodic GC: Disabled

Heap:
 garbage-first heap   total 258048K, used 19181K [0x0000000704000000, 0x0000000800000000)
  region size 2048K, 9 young (18432K), 2 survivors (4096K)
 Metaspace       used 12281K, committed 12352K, reserved 1064960K
  class space    used 1134K, committed 1152K, reserved 1048576K

Heap Regions: E=young(eden), S=young(survivor), O=old, HS=humongous(starts), HC=humongous(continues), CS=collection set, F=free, OA=open archive, CA=closed archive, TAMS=top-at-mark-start (previous, next)
|   0|0x0000000704000000, 0x0000000704200000, 0x0000000704200000|100%| O|  |TAMS 0x0000000704000000, 0x0000000704000000| Untracked 
|   1|0x0000000704200000, 0x0000000704400000, 0x0000000704400000|100%| O|  |TAMS 0x0000000704200000, 0x0000000704200000| Untracked 
|   2|0x0000000704400000, 0x00000007044bb400, 0x0000000704600000| 36%| O|  |TAMS 0x0000000704400000, 0x0000000704400000| Untracked 
|   3|0x0000000704600000, 0x0000000704600000, 0x0000000704800000|  0%| F|  |TAMS 0x0000000704600000, 0x0000000704600000| Untracked 
|   4|0x0000000704800000, 0x0000000704800000, 0x0000000704a00000|  0%| F|  |TAMS 0x0000000704800000, 0x0000000704800000| Untracked 
|   5|0x0000000704a00000, 0x0000000704a00000, 0x0000000704c00000|  0%| F|  |TAMS 0x0000000704a00000, 0x0000000704a00000| Untracked 
|   6|0x0000000704c00000, 0x0000000704c00000, 0x0000000704e00000|  0%| F|  |TAMS 0x0000000704c00000, 0x0000000704c00000| Untracked 
|   7|0x0000000704e00000, 0x0000000704e00000, 0x0000000705000000|  0%| F|  |TAMS 0x0000000704e00000, 0x0000000704e00000| Untracked 
|   8|0x0000000705000000, 0x0000000705000000, 0x0000000705200000|  0%| F|  |TAMS 0x0000000705000000, 0x0000000705000000| Untracked 
|   9|0x0000000705200000, 0x0000000705200000, 0x0000000705400000|  0%| F|  |TAMS 0x0000000705200000, 0x0000000705200000| Untracked 
|  10|0x0000000705400000, 0x0000000705400000, 0x0000000705600000|  0%| F|  |TAMS 0x0000000705400000, 0x0000000705400000| Untracked 
|  11|0x0000000705600000, 0x0000000705600000, 0x0000000705800000|  0%| F|  |TAMS 0x0000000705600000, 0x0000000705600000| Untracked 
|  12|0x0000000705800000, 0x0000000705800000, 0x0000000705a00000|  0%| F|  |TAMS 0x0000000705800000, 0x0000000705800000| Untracked 
|  13|0x0000000705a00000, 0x0000000705a00000, 0x0000000705c00000|  0%| F|  |TAMS 0x0000000705a00000, 0x0000000705a00000| Untracked 
|  14|0x0000000705c00000, 0x0000000705c00000, 0x0000000705e00000|  0%| F|  |TAMS 0x0000000705c00000, 0x0000000705c00000| Untracked 
|  15|0x0000000705e00000, 0x0000000705e00000, 0x0000000706000000|  0%| F|  |TAMS 0x0000000705e00000, 0x0000000705e00000| Untracked 
|  16|0x0000000706000000, 0x0000000706000000, 0x0000000706200000|  0%| F|  |TAMS 0x0000000706000000, 0x0000000706000000| Untracked 
|  17|0x0000000706200000, 0x0000000706200000, 0x0000000706400000|  0%| F|  |TAMS 0x0000000706200000, 0x0000000706200000| Untracked 
|  18|0x0000000706400000, 0x0000000706400000, 0x0000000706600000|  0%| F|  |TAMS 0x0000000706400000, 0x0000000706400000| Untracked 
|  19|0x0000000706600000, 0x0000000706600000, 0x0000000706800000|  0%| F|  |TAMS 0x0000000706600000, 0x0000000706600000| Untracked 
|  20|0x0000000706800000, 0x0000000706800000, 0x0000000706a00000|  0%| F|  |TAMS 0x0000000706800000, 0x0000000706800000| Untracked 
|  21|0x0000000706a00000, 0x0000000706a00000, 0x0000000706c00000|  0%| F|  |TAMS 0x0000000706a00000, 0x0000000706a00000| Untracked 
|  22|0x0000000706c00000, 0x0000000706c00000, 0x0000000706e00000|  0%| F|  |TAMS 0x0000000706c00000, 0x0000000706c00000| Untracked 
|  23|0x0000000706e00000, 0x0000000706e00000, 0x0000000707000000|  0%| F|  |TAMS 0x0000000706e00000, 0x0000000706e00000| Untracked 
|  24|0x0000000707000000, 0x0000000707000000, 0x0000000707200000|  0%| F|  |TAMS 0x0000000707000000, 0x0000000707000000| Untracked 
|  25|0x0000000707200000, 0x0000000707200000, 0x0000000707400000|  0%| F|  |TAMS 0x0000000707200000, 0x0000000707200000| Untracked 
|  26|0x0000000707400000, 0x0000000707400000, 0x0000000707600000|  0%| F|  |TAMS 0x0000000707400000, 0x0000000707400000| Untracked 
|  27|0x0000000707600000, 0x0000000707600000, 0x0000000707800000|  0%| F|  |TAMS 0x0000000707600000, 0x0000000707600000| Untracked 
|  28|0x0000000707800000, 0x0000000707800000, 0x0000000707a00000|  0%| F|  |TAMS 0x0000000707800000, 0x0000000707800000| Untracked 
|  29|0x0000000707a00000, 0x0000000707a00000, 0x0000000707c00000|  0%| F|  |TAMS 0x0000000707a00000, 0x0000000707a00000| Untracked 
|  30|0x0000000707c00000, 0x0000000707c00000, 0x0000000707e00000|  0%| F|  |TAMS 0x0000000707c00000, 0x0000000707c00000| Untracked 
|  31|0x0000000707e00000, 0x0000000707e00000, 0x0000000708000000|  0%| F|  |TAMS 0x0000000707e00000, 0x0000000707e00000| Untracked 
|  32|0x0000000708000000, 0x0000000708000000, 0x0000000708200000|  0%| F|  |TAMS 0x0000000708000000, 0x0000000708000000| Untracked 
|  33|0x0000000708200000, 0x0000000708200000, 0x0000000708400000|  0%| F|  |TAMS 0x0000000708200000, 0x0000000708200000| Untracked 
|  34|0x0000000708400000, 0x0000000708400000, 0x0000000708600000|  0%| F|  |TAMS 0x0000000708400000, 0x0000000708400000| Untracked 
|  35|0x0000000708600000, 0x0000000708600000, 0x0000000708800000|  0%| F|  |TAMS 0x0000000708600000, 0x0000000708600000| Untracked 
|  36|0x0000000708800000, 0x0000000708800000, 0x0000000708a00000|  0%| F|  |TAMS 0x0000000708800000, 0x0000000708800000| Untracked 
|  37|0x0000000708a00000, 0x0000000708a00000, 0x0000000708c00000|  0%| F|  |TAMS 0x0000000708a00000, 0x0000000708a00000| Untracked 
|  38|0x0000000708c00000, 0x0000000708c00000, 0x0000000708e00000|  0%| F|  |TAMS 0x0000000708c00000, 0x0000000708c00000| Untracked 
|  39|0x0000000708e00000, 0x0000000708e00000, 0x0000000709000000|  0%| F|  |TAMS 0x0000000708e00000, 0x0000000708e00000| Untracked 
|  40|0x0000000709000000, 0x0000000709000000, 0x0000000709200000|  0%| F|  |TAMS 0x0000000709000000, 0x0000000709000000| Untracked 
|  41|0x0000000709200000, 0x0000000709200000, 0x0000000709400000|  0%| F|  |TAMS 0x0000000709200000, 0x0000000709200000| Untracked 
|  42|0x0000000709400000, 0x0000000709400000, 0x0000000709600000|  0%| F|  |TAMS 0x0000000709400000, 0x0000000709400000| Untracked 
|  43|0x0000000709600000, 0x0000000709600000, 0x0000000709800000|  0%| F|  |TAMS 0x0000000709600000, 0x0000000709600000| Untracked 
|  44|0x0000000709800000, 0x0000000709800000, 0x0000000709a00000|  0%| F|  |TAMS 0x0000000709800000, 0x0000000709800000| Untracked 
|  45|0x0000000709a00000, 0x0000000709a00000, 0x0000000709c00000|  0%| F|  |TAMS 0x0000000709a00000, 0x0000000709a00000| Untracked 
|  46|0x0000000709c00000, 0x0000000709c00000, 0x0000000709e00000|  0%| F|  |TAMS 0x0000000709c00000, 0x0000000709c00000| Untracked 
|  47|0x0000000709e00000, 0x0000000709e00000, 0x000000070a000000|  0%| F|  |TAMS 0x0000000709e00000, 0x0000000709e00000| Untracked 
|  48|0x000000070a000000, 0x000000070a000000, 0x000000070a200000|  0%| F|  |TAMS 0x000000070a000000, 0x000000070a000000| Untracked 
|  49|0x000000070a200000, 0x000000070a200000, 0x000000070a400000|  0%| F|  |TAMS 0x000000070a200000, 0x000000070a200000| Untracked 
|  50|0x000000070a400000, 0x000000070a400000, 0x000000070a600000|  0%| F|  |TAMS 0x000000070a400000, 0x000000070a400000| Untracked 
|  51|0x000000070a600000, 0x000000070a600000, 0x000000070a800000|  0%| F|  |TAMS 0x000000070a600000, 0x000000070a600000| Untracked 
|  52|0x000000070a800000, 0x000000070a800000, 0x000000070aa00000|  0%| F|  |TAMS 0x000000070a800000, 0x000000070a800000| Untracked 
|  53|0x000000070aa00000, 0x000000070aa00000, 0x000000070ac00000|  0%| F|  |TAMS 0x000000070aa00000, 0x000000070aa00000| Untracked 
|  54|0x000000070ac00000, 0x000000070ac00000, 0x000000070ae00000|  0%| F|  |TAMS 0x000000070ac00000, 0x000000070ac00000| Untracked 
|  55|0x000000070ae00000, 0x000000070ae00000, 0x000000070b000000|  0%| F|  |TAMS 0x000000070ae00000, 0x000000070ae00000| Untracked 
|  56|0x000000070b000000, 0x000000070b000000, 0x000000070b200000|  0%| F|  |TAMS 0x000000070b000000, 0x000000070b000000| Untracked 
|  57|0x000000070b200000, 0x000000070b200000, 0x000000070b400000|  0%| F|  |TAMS 0x000000070b200000, 0x000000070b200000| Untracked 
|  58|0x000000070b400000, 0x000000070b400000, 0x000000070b600000|  0%| F|  |TAMS 0x000000070b400000, 0x000000070b400000| Untracked 
|  59|0x000000070b600000, 0x000000070b600000, 0x000000070b800000|  0%| F|  |TAMS 0x000000070b600000, 0x000000070b600000| Untracked 
|  60|0x000000070b800000, 0x000000070b800000, 0x000000070ba00000|  0%| F|  |TAMS 0x000000070b800000, 0x000000070b800000| Untracked 
|  61|0x000000070ba00000, 0x000000070ba00000, 0x000000070bc00000|  0%| F|  |TAMS 0x000000070ba00000, 0x000000070ba00000| Untracked 
|  62|0x000000070bc00000, 0x000000070bc00000, 0x000000070be00000|  0%| F|  |TAMS 0x000000070bc00000, 0x000000070bc00000| Untracked 
|  63|0x000000070be00000, 0x000000070be00000, 0x000000070c000000|  0%| F|  |TAMS 0x000000070be00000, 0x000000070be00000| Untracked 
|  64|0x000000070c000000, 0x000000070c000000, 0x000000070c200000|  0%| F|  |TAMS 0x000000070c000000, 0x000000070c000000| Untracked 
|  65|0x000000070c200000, 0x000000070c200000, 0x000000070c400000|  0%| F|  |TAMS 0x000000070c200000, 0x000000070c200000| Untracked 
|  66|0x000000070c400000, 0x000000070c400000, 0x000000070c600000|  0%| F|  |TAMS 0x000000070c400000, 0x000000070c400000| Untracked 
|  67|0x000000070c600000, 0x000000070c600000, 0x000000070c800000|  0%| F|  |TAMS 0x000000070c600000, 0x000000070c600000| Untracked 
|  68|0x000000070c800000, 0x000000070c800000, 0x000000070ca00000|  0%| F|  |TAMS 0x000000070c800000, 0x000000070c800000| Untracked 
|  69|0x000000070ca00000, 0x000000070ca00000, 0x000000070cc00000|  0%| F|  |TAMS 0x000000070ca00000, 0x000000070ca00000| Untracked 
|  70|0x000000070cc00000, 0x000000070cc00000, 0x000000070ce00000|  0%| F|  |TAMS 0x000000070cc00000, 0x000000070cc00000| Untracked 
|  71|0x000000070ce00000, 0x000000070ce00000, 0x000000070d000000|  0%| F|  |TAMS 0x000000070ce00000, 0x000000070ce00000| Untracked 
|  72|0x000000070d000000, 0x000000070d000000, 0x000000070d200000|  0%| F|  |TAMS 0x000000070d000000, 0x000000070d000000| Untracked 
|  73|0x000000070d200000, 0x000000070d200000, 0x000000070d400000|  0%| F|  |TAMS 0x000000070d200000, 0x000000070d200000| Untracked 
|  74|0x000000070d400000, 0x000000070d400000, 0x000000070d600000|  0%| F|  |TAMS 0x000000070d400000, 0x000000070d400000| Untracked 
|  75|0x000000070d600000, 0x000000070d600000, 0x000000070d800000|  0%| F|  |TAMS 0x000000070d600000, 0x000000070d600000| Untracked 
|  76|0x000000070d800000, 0x000000070d800000, 0x000000070da00000|  0%| F|  |TAMS 0x000000070d800000, 0x000000070d800000| Untracked 
|  77|0x000000070da00000, 0x000000070da00000, 0x000000070dc00000|  0%| F|  |TAMS 0x000000070da00000, 0x000000070da00000| Untracked 
|  78|0x000000070dc00000, 0x000000070dc00000, 0x000000070de00000|  0%| F|  |TAMS 0x000000070dc00000, 0x000000070dc00000| Untracked 
|  79|0x000000070de00000, 0x000000070de00000, 0x000000070e000000|  0%| F|  |TAMS 0x000000070de00000, 0x000000070de00000| Untracked 
|  80|0x000000070e000000, 0x000000070e000000, 0x000000070e200000|  0%| F|  |TAMS 0x000000070e000000, 0x000000070e000000| Untracked 
|  81|0x000000070e200000, 0x000000070e200000, 0x000000070e400000|  0%| F|  |TAMS 0x000000070e200000, 0x000000070e200000| Untracked 
|  82|0x000000070e400000, 0x000000070e400000, 0x000000070e600000|  0%| F|  |TAMS 0x000000070e400000, 0x000000070e400000| Untracked 
|  83|0x000000070e600000, 0x000000070e600000, 0x000000070e800000|  0%| F|  |TAMS 0x000000070e600000, 0x000000070e600000| Untracked 
|  84|0x000000070e800000, 0x000000070e800000, 0x000000070ea00000|  0%| F|  |TAMS 0x000000070e800000, 0x000000070e800000| Untracked 
|  85|0x000000070ea00000, 0x000000070ea00000, 0x000000070ec00000|  0%| F|  |TAMS 0x000000070ea00000, 0x000000070ea00000| Untracked 
|  86|0x000000070ec00000, 0x000000070ec00000, 0x000000070ee00000|  0%| F|  |TAMS 0x000000070ec00000, 0x000000070ec00000| Untracked 
|  87|0x000000070ee00000, 0x000000070ee00000, 0x000000070f000000|  0%| F|  |TAMS 0x000000070ee00000, 0x000000070ee00000| Untracked 
|  88|0x000000070f000000, 0x000000070f000000, 0x000000070f200000|  0%| F|  |TAMS 0x000000070f000000, 0x000000070f000000| Untracked 
|  89|0x000000070f200000, 0x000000070f200000, 0x000000070f400000|  0%| F|  |TAMS 0x000000070f200000, 0x000000070f200000| Untracked 
|  90|0x000000070f400000, 0x000000070f400000, 0x000000070f600000|  0%| F|  |TAMS 0x000000070f400000, 0x000000070f400000| Untracked 
|  91|0x000000070f600000, 0x000000070f600000, 0x000000070f800000|  0%| F|  |TAMS 0x000000070f600000, 0x000000070f600000| Untracked 
|  92|0x000000070f800000, 0x000000070f800000, 0x000000070fa00000|  0%| F|  |TAMS 0x000000070f800000, 0x000000070f800000| Untracked 
|  93|0x000000070fa00000, 0x000000070fa00000, 0x000000070fc00000|  0%| F|  |TAMS 0x000000070fa00000, 0x000000070fa00000| Untracked 
|  94|0x000000070fc00000, 0x000000070fc00000, 0x000000070fe00000|  0%| F|  |TAMS 0x000000070fc00000, 0x000000070fc00000| Untracked 
|  95|0x000000070fe00000, 0x000000070fe00000, 0x0000000710000000|  0%| F|  |TAMS 0x000000070fe00000, 0x000000070fe00000| Untracked 
|  96|0x0000000710000000, 0x0000000710000000, 0x0000000710200000|  0%| F|  |TAMS 0x0000000710000000, 0x0000000710000000| Untracked 
|  97|0x0000000710200000, 0x0000000710200000, 0x0000000710400000|  0%| F|  |TAMS 0x0000000710200000, 0x0000000710200000| Untracked 
|  98|0x0000000710400000, 0x0000000710400000, 0x0000000710600000|  0%| F|  |TAMS 0x0000000710400000, 0x0000000710400000| Untracked 
|  99|0x0000000710600000, 0x0000000710600000, 0x0000000710800000|  0%| F|  |TAMS 0x0000000710600000, 0x0000000710600000| Untracked 
| 100|0x0000000710800000, 0x0000000710800000, 0x0000000710a00000|  0%| F|  |TAMS 0x0000000710800000, 0x0000000710800000| Untracked 
| 101|0x0000000710a00000, 0x0000000710a00000, 0x0000000710c00000|  0%| F|  |TAMS 0x0000000710a00000, 0x0000000710a00000| Untracked 
| 102|0x0000000710c00000, 0x0000000710c00000, 0x0000000710e00000|  0%| F|  |TAMS 0x0000000710c00000, 0x0000000710c00000| Untracked 
| 103|0x0000000710e00000, 0x0000000710e00000, 0x0000000711000000|  0%| F|  |TAMS 0x0000000710e00000, 0x0000000710e00000| Untracked 
| 104|0x0000000711000000, 0x0000000711000000, 0x0000000711200000|  0%| F|  |TAMS 0x0000000711000000, 0x0000000711000000| Untracked 
| 105|0x0000000711200000, 0x0000000711200000, 0x0000000711400000|  0%| F|  |TAMS 0x0000000711200000, 0x0000000711200000| Untracked 
| 106|0x0000000711400000, 0x0000000711400000, 0x0000000711600000|  0%| F|  |TAMS 0x0000000711400000, 0x0000000711400000| Untracked 
| 107|0x0000000711600000, 0x0000000711600000, 0x0000000711800000|  0%| F|  |TAMS 0x0000000711600000, 0x0000000711600000| Untracked 
| 108|0x0000000711800000, 0x0000000711800000, 0x0000000711a00000|  0%| F|  |TAMS 0x0000000711800000, 0x0000000711800000| Untracked 
| 109|0x0000000711a00000, 0x0000000711a00000, 0x0000000711c00000|  0%| F|  |TAMS 0x0000000711a00000, 0x0000000711a00000| Untracked 
| 110|0x0000000711c00000, 0x0000000711c00000, 0x0000000711e00000|  0%| F|  |TAMS 0x0000000711c00000, 0x0000000711c00000| Untracked 
| 111|0x0000000711e00000, 0x0000000711e00000, 0x0000000712000000|  0%| F|  |TAMS 0x0000000711e00000, 0x0000000711e00000| Untracked 
| 112|0x0000000712000000, 0x0000000712000000, 0x0000000712200000|  0%| F|  |TAMS 0x0000000712000000, 0x0000000712000000| Untracked 
| 113|0x0000000712200000, 0x0000000712400000, 0x0000000712400000|100%| S|CS|TAMS 0x0000000712200000, 0x0000000712200000| Complete 
| 114|0x0000000712400000, 0x0000000712600000, 0x0000000712600000|100%| S|CS|TAMS 0x0000000712400000, 0x0000000712400000| Complete 
| 115|0x0000000712600000, 0x0000000712600000, 0x0000000712800000|  0%| F|  |TAMS 0x0000000712600000, 0x0000000712600000| Untracked 
| 116|0x0000000712800000, 0x0000000712800000, 0x0000000712a00000|  0%| F|  |TAMS 0x0000000712800000, 0x0000000712800000| Untracked 
| 117|0x0000000712a00000, 0x0000000712a00000, 0x0000000712c00000|  0%| F|  |TAMS 0x0000000712a00000, 0x0000000712a00000| Untracked 
| 118|0x0000000712c00000, 0x0000000712c00000, 0x0000000712e00000|  0%| F|  |TAMS 0x0000000712c00000, 0x0000000712c00000| Untracked 
| 119|0x0000000712e00000, 0x0000000712e8ea80, 0x0000000713000000| 27%| E|  |TAMS 0x0000000712e00000, 0x0000000712e00000| Complete 
| 120|0x0000000713000000, 0x0000000713200000, 0x0000000713200000|100%| E|CS|TAMS 0x0000000713000000, 0x0000000713000000| Complete 
| 121|0x0000000713200000, 0x0000000713400000, 0x0000000713400000|100%| E|CS|TAMS 0x0000000713200000, 0x0000000713200000| Complete 
| 122|0x0000000713400000, 0x0000000713600000, 0x0000000713600000|100%| E|CS|TAMS 0x0000000713400000, 0x0000000713400000| Complete 
| 123|0x0000000713600000, 0x0000000713800000, 0x0000000713800000|100%| E|CS|TAMS 0x0000000713600000, 0x0000000713600000| Complete 
| 124|0x0000000713800000, 0x0000000713a00000, 0x0000000713a00000|100%| E|  |TAMS 0x0000000713800000, 0x0000000713800000| Complete 
| 125|0x0000000713a00000, 0x0000000713c00000, 0x0000000713c00000|100%| E|CS|TAMS 0x0000000713a00000, 0x0000000713a00000| Complete 

Card table byte_map: [0x00000251fd560000,0x00000251fdd40000] _byte_map_base: 0x00000251f9d40000

Marking Bits (Prev, Next): (CMBitMap*) 0x00000251fc9f9770, (CMBitMap*) 0x00000251fc9f97b0
 Prev Bits: [0x00000251925d0000, 0x00000251964d0000)
 Next Bits: [0x00000251964d0000, 0x000002519a3d0000)

Polling page: 0x00000251fc150000

Metaspace:

Usage:
  Non-class:     10.89 MB used.
      Class:      1.11 MB used.
       Both:     11.99 MB used.

Virtual space:
  Non-class space:       16.00 MB reserved,      10.94 MB ( 68%) committed,  2 nodes.
      Class space:        1.00 GB reserved,       1.12 MB ( <1%) committed,  1 nodes.
             Both:        1.02 GB reserved,      12.06 MB (  1%) committed. 

Chunk freelists:
   Non-Class:  320.00 KB
       Class:  2.75 MB
        Both:  3.06 MB

MaxMetaspaceSize: unlimited
CompressedClassSpaceSize: 1.00 GB
Initial GC threshold: 21.00 MB
Current GC threshold: 21.00 MB
CDS: off
MetaspaceReclaimPolicy: balanced
 - commit_granule_bytes: 65536.
 - commit_granule_words: 8192.
 - virtual_space_node_default_size: 1048576.
 - enlarge_chunks_in_place: 1.
 - new_chunks_are_fully_committed: 0.
 - uncommit_free_chunks: 1.
 - use_allocation_guard: 0.
 - handle_deallocations: 1.


Internal statistics:

num_allocs_failed_limit: 0.
num_arena_births: 40.
num_arena_deaths: 0.
num_vsnodes_births: 3.
num_vsnodes_deaths: 0.
num_space_committed: 193.
num_space_uncommitted: 0.
num_chunks_returned_to_freelist: 0.
num_chunks_taken_from_freelist: 137.
num_chunk_merges: 0.
num_chunk_splits: 93.
num_chunks_enlarged: 79.
num_purges: 0.
num_inconsistent_stats: 0.

CodeHeap 'non-profiled nmethods': size=120000Kb used=468Kb max_used=468Kb free=119531Kb
 bounds [0x000002518b0a0000, 0x000002518b310000, 0x00000251925d0000]
CodeHeap 'profiled nmethods': size=120000Kb used=1928Kb max_used=1928Kb free=118072Kb
 bounds [0x0000025183b70000, 0x0000025183de0000, 0x000002518b0a0000]
CodeHeap 'non-nmethods': size=5760Kb used=1212Kb max_used=1260Kb free=4547Kb
 bounds [0x00000251835d0000, 0x0000025183840000, 0x0000025183b70000]
 total_blobs=1394 nmethods=964 adapters=343
 compilation: enabled
              stopped_count=0, restarted_count=0
 full_count=0

Compilation events (20 events):
Event: 7.119 Thread 0x00000251ff8d0ba0 nmethod 965 0x0000025183d51590 code [0x0000025183d51740, 0x0000025183d51a58]
Event: 7.119 Thread 0x00000251ff8d0ba0  966       3       java.lang.invoke.LambdaForm$MH/0x0000000800000400::invoke (8 bytes)
Event: 7.119 Thread 0x00000251ff8d0ba0 nmethod 966 0x0000025183d51b10 code [0x0000025183d51ca0, 0x0000025183d51ef8]
Event: 7.120 Thread 0x00000251ff8d0ba0  959       1       org.eclipse.rdf4j.query.algebra.AbstractQueryModelNode::getResultSizeEstimate (5 bytes)
Event: 7.120 Thread 0x00000251ff8d0ba0 nmethod 959 0x000002518b10dd10 code [0x000002518b10dea0, 0x000002518b10df78]
Event: 7.120 Thread 0x00000251ff8d0ba0  953       1       java.util.stream.AbstractPipeline::getStreamAndOpFlags (5 bytes)
Event: 7.120 Thread 0x00000251ff8d0ba0 nmethod 953 0x000002518b10e010 code [0x000002518b10e1a0, 0x000002518b10e278]
Event: 7.120 Thread 0x00000251ff8d0ba0  960       1       org.eclipse.rdf4j.query.algebra.AbstractQueryModelNode::getCostEstimate (5 bytes)
Event: 7.120 Thread 0x00000251ff8d0ba0 nmethod 960 0x000002518b10e310 code [0x000002518b10e4a0, 0x000002518b10e578]
Event: 7.121 Thread 0x00000251ff8d0ba0  961       1       org.eclipse.rdf4j.query.algebra.AbstractQueryModelNode::getResultSizeActual (5 bytes)
Event: 7.121 Thread 0x00000251ff8d0ba0 nmethod 961 0x000002518b10e610 code [0x000002518b10e7a0, 0x000002518b10e878]
Event: 7.121 Thread 0x00000251ff8d0ba0  962       1       org.eclipse.rdf4j.query.algebra.AbstractQueryModelNode::getTotalTimeNanosActual (5 bytes)
Event: 7.121 Thread 0x00000251ff8d0ba0 nmethod 962 0x000002518b10e910 code [0x000002518b10eaa0, 0x000002518b10eb78]
Event: 7.121 Thread 0x00000251ff8d0ba0  963       1       java.util.stream.TerminalOp::getOpFlags (2 bytes)
Event: 7.121 Thread 0x00000251ff8d0ba0 nmethod 963 0x000002518b10ec10 code [0x000002518b10eda0, 0x000002518b10ee78]
Event: 7.121 Thread 0x00000251ff8d0ba0  958       1       org.eclipse.rdf4j.query.algebra.AbstractQueryModelNode::setVariableScopeChange (6 bytes)
Event: 7.122 Thread 0x00000251ff8d0ba0 nmethod 958 0x000002518b10ef10 code [0x000002518b10f0a0, 0x000002518b10f178]
Event: 7.125 Thread 0x00000251ff8d02a0 nmethod 955 0x000002518b10f210 code [0x000002518b10f3a0, 0x000002518b10f7d8]
Event: 7.155 Thread 0x000002519c3ffef0 nmethod 938 0x000002518b10fa10 code [0x000002518b10fc40, 0x000002518b1113f0]
Event: 7.156 Thread 0x000002519d58b9e0 nmethod 930 0x000002518b112190 code [0x000002518b1123c0, 0x000002518b113f90]

GC Heap History (2 events):
Event: 6.596 GC heap before
{Heap before GC invocations=0 (full 0):
 garbage-first heap   total 258048K, used 20480K [0x0000000704000000, 0x0000000800000000)
  region size 2048K, 11 young (22528K), 0 survivors (0K)
 Metaspace       used 10182K, committed 10240K, reserved 1064960K
  class space    used 858K, committed 896K, reserved 1048576K
}
Event: 6.605 GC heap after
{Heap after GC invocations=1 (full 0):
 garbage-first heap   total 258048K, used 8941K [0x0000000704000000, 0x0000000800000000)
  region size 2048K, 2 young (4096K), 2 survivors (4096K)
 Metaspace       used 10182K, committed 10240K, reserved 1064960K
  class space    used 858K, committed 896K, reserved 1048576K
}

Deoptimization events (20 events):
Event: 6.740 Thread 0x00000251fc9a6980 Uncommon trap: trap_request=0xffffff45 fr.pc=0x000002518b0e6588 relative=0x00000000000013e8
Event: 6.740 Thread 0x00000251fc9a6980 Uncommon trap: reason=unstable_if action=reinterpret pc=0x000002518b0e6588 method=java.util.jar.JarFile.getVersionedEntry(Ljava/lang/String;Ljava/util/jar/JarEntry;)Ljava/util/jar/JarEntry; @ 6 c2
Event: 6.740 Thread 0x00000251fc9a6980 DEOPT PACKING pc=0x000002518b0e6588 sp=0x0000006505efde10
Event: 6.740 Thread 0x00000251fc9a6980 DEOPT UNPACKING pc=0x00000251836223a3 sp=0x0000006505efddc8 mode 2
Event: 6.744 Thread 0x00000251fc9a6980 DEOPT PACKING pc=0x0000025183b7d979 sp=0x0000006505efd4a0
Event: 6.744 Thread 0x00000251fc9a6980 DEOPT UNPACKING pc=0x0000025183622b43 sp=0x0000006505efc900 mode 0
Event: 6.745 Thread 0x00000251fc9a6980 Uncommon trap: trap_request=0xffffff45 fr.pc=0x000002518b0e3a90 relative=0x00000000000006d0
Event: 6.745 Thread 0x00000251fc9a6980 Uncommon trap: reason=unstable_if action=reinterpret pc=0x000002518b0e3a90 method=org.eclipse.jdt.launching.internal.org.objectweb.asm.ClassReader.readUtf(II[C)Ljava/lang/String; @ 41 c2
Event: 6.745 Thread 0x00000251fc9a6980 DEOPT PACKING pc=0x000002518b0e3a90 sp=0x0000006505efa860
Event: 6.745 Thread 0x00000251fc9a6980 DEOPT UNPACKING pc=0x00000251836223a3 sp=0x0000006505efa848 mode 2
Event: 6.745 Thread 0x00000251fc9a6980 Uncommon trap: trap_request=0xffffff45 fr.pc=0x000002518b0ac338 relative=0x0000000000000238
Event: 6.745 Thread 0x00000251fc9a6980 Uncommon trap: reason=unstable_if action=reinterpret pc=0x000002518b0ac338 method=java.lang.String.isLatin1()Z @ 10 c2
Event: 6.745 Thread 0x00000251fc9a6980 DEOPT PACKING pc=0x000002518b0ac338 sp=0x0000006505efa900
Event: 6.745 Thread 0x00000251fc9a6980 DEOPT UNPACKING pc=0x00000251836223a3 sp=0x0000006505efa830 mode 2
Event: 6.956 Thread 0x00000251fc9a6980 Uncommon trap: trap_request=0xffffff45 fr.pc=0x000002518b0d81c8 relative=0x0000000000001b28
Event: 6.956 Thread 0x00000251fc9a6980 Uncommon trap: reason=unstable_if action=reinterpret pc=0x000002518b0d81c8 method=java.io.WinNTFileSystem.normalize(Ljava/lang/String;)Ljava/lang/String; @ 128 c2
Event: 6.956 Thread 0x00000251fc9a6980 DEOPT PACKING pc=0x000002518b0d81c8 sp=0x0000006505efd110
Event: 6.956 Thread 0x00000251fc9a6980 DEOPT UNPACKING pc=0x00000251836223a3 sp=0x0000006505efd158 mode 2
Event: 7.093 Thread 0x00000251fc9a6980 DEOPT PACKING pc=0x0000025183b7d1be sp=0x0000006505efe2b0
Event: 7.093 Thread 0x00000251fc9a6980 DEOPT UNPACKING pc=0x0000025183622b43 sp=0x0000006505efd728 mode 0

Classes unloaded (0 events):
No events

Classes redefined (1 events):
Event: 236.227 Thread 0x00000251ff854030 redefined class name=npcs.rewriting.standard.Standard, count=1

Internal exceptions (2 events):
Event: 6.755 Thread 0x00000251fc9a6980 Exception <a 'java/lang/NoSuchMethodError'{0x00000007137518e8}: 'java.lang.Object java.lang.invoke.DirectMethodHandle$Holder.invokeStaticInit(java.lang.Object, int, int, int, int)'> (0x00000007137518e8) 
thrown [e:\jenkins\tmp\workspace\build\src\src\hotspot\share\interpreter\linkResolver.cpp, line 766]
Event: 6.960 Thread 0x00000251fc9a6980 Exception <a 'java/lang/NoSuchMethodError'{0x00000007137e31c8}: 'java.lang.Object java.lang.invoke.DirectMethodHandle$Holder.invokeStaticInit(java.lang.Object, java.lang.Object, int, int, int, int)'> (0x00000007137e31c8) 
thrown [e:\jenkins\tmp\workspace\build\src\src\hotspot\share\interpreter\linkResolver.cpp, line 766]

VM Operations (20 events):
Event: 8.781 Executing VM operation: get/set locals
Event: 8.781 Executing VM operation: get/set locals done
Event: 8.783 Executing VM operation: get/set locals
Event: 8.784 Executing VM operation: get/set locals done
Event: 8.786 Executing VM operation: get/set locals
Event: 8.787 Executing VM operation: get/set locals done
Event: 236.213 Executing VM operation: ChangeSingleStep
Event: 236.213 Executing VM operation: ChangeSingleStep done
Event: 236.214 Executing VM operation: ChangeSingleStep
Event: 236.214 Executing VM operation: ChangeSingleStep done
Event: 236.225 Executing VM operation: RedefineClasses
Event: 236.231 Executing VM operation: RedefineClasses done
Event: 236.248 Executing VM operation: ChangeBreakpoints
Event: 236.248 Executing VM operation: ChangeBreakpoints done
Event: 236.255 Executing VM operation: ChangeSingleStep
Event: 236.255 Executing VM operation: ChangeSingleStep done
Event: 236.256 Executing VM operation: get/set locals
Event: 236.256 Executing VM operation: get/set locals done
Event: 236.258 Executing VM operation: ChangeSingleStep
Event: 236.258 Executing VM operation: ChangeSingleStep done

Events (20 events):
Event: 7.065 loading class java/util/concurrent/locks/AbstractQueuedSynchronizer$ConditionObject
Event: 7.065 loading class java/util/concurrent/locks/Condition
Event: 7.065 loading class java/util/concurrent/locks/Condition done
Event: 7.065 loading class java/util/concurrent/locks/AbstractQueuedSynchronizer$ConditionObject done
Event: 7.065 loading class java/util/concurrent/LinkedBlockingQueue$Node
Event: 7.065 loading class java/util/concurrent/LinkedBlockingQueue$Node done
Event: 7.067 loading class java/lang/SecurityException
Event: 7.067 loading class java/lang/SecurityException done
Event: 7.081 loading class java/text/DateFormat
Event: 7.081 loading class java/text/Format
Event: 7.081 loading class java/text/Format done
Event: 7.081 loading class java/text/DateFormat done
Event: 7.081 loading class java/text/SimpleDateFormat
Event: 7.090 loading class java/text/SimpleDateFormat done
Event: 7.099 loading class java/util/stream/ReduceOps$2
Event: 7.100 loading class java/util/stream/ReduceOps$2 done
Event: 7.100 loading class java/util/stream/ReduceOps$2ReducingSink
Event: 7.100 loading class java/util/stream/ReduceOps$2ReducingSink done
Event: 12.160 Thread 0x000002519c3ffef0 Thread exited: 0x000002519c3ffef0
Event: 12.160 Thread 0x000002519d58b9e0 Thread exited: 0x000002519d58b9e0


Dynamic libraries:
0x00007ff758020000 - 0x00007ff75802e000 	C:\Users\umair\.p2\pool\plugins\org.eclipse.justj.openjdk.hotspot.jre.full.win32.x86_64_17.0.1.v20211116-1657\jre\bin\javaw.exe
0x00007fffe6490000 - 0x00007fffe66a7000 	C:\WINDOWS\SYSTEM32\ntdll.dll
0x00007fff9c200000 - 0x00007fff9c219000 	C:\Program Files\AVAST Software\Avast\aswhook.dll
0x00007fffe4b10000 - 0x00007fffe4bd4000 	C:\WINDOWS\System32\KERNEL32.DLL
0x00007fffe3d80000 - 0x00007fffe4126000 	C:\WINDOWS\System32\KERNELBASE.dll
0x00007fffe3c30000 - 0x00007fffe3d41000 	C:\WINDOWS\System32\ucrtbase.dll
0x00007fffc6d70000 - 0x00007fffc6d88000 	C:\Users\umair\.p2\pool\plugins\org.eclipse.justj.openjdk.hotspot.jre.full.win32.x86_64_17.0.1.v20211116-1657\jre\bin\jli.dll
0x00007fffc9c20000 - 0x00007fffc9c39000 	C:\Users\umair\.p2\pool\plugins\org.eclipse.justj.openjdk.hotspot.jre.full.win32.x86_64_17.0.1.v20211116-1657\jre\bin\VCRUNTIME140.dll
0x00007fffe5b30000 - 0x00007fffe5cdd000 	C:\WINDOWS\System32\USER32.dll
0x00007fffe3d50000 - 0x00007fffe3d76000 	C:\WINDOWS\System32\win32u.dll
0x00007fffe5150000 - 0x00007fffe5179000 	C:\WINDOWS\System32\GDI32.dll
0x00007fffc3f10000 - 0x00007fffc41a3000 	C:\WINDOWS\WinSxS\amd64_microsoft.windows.common-controls_6595b64144ccf1df_6.0.22621.2361_none_2712ced57382f843\COMCTL32.dll
0x00007fffe3880000 - 0x00007fffe3998000 	C:\WINDOWS\System32\gdi32full.dll
0x00007fffe48d0000 - 0x00007fffe4977000 	C:\WINDOWS\System32\msvcrt.dll
0x00007fffe39a0000 - 0x00007fffe3a3a000 	C:\WINDOWS\System32\msvcp_win.dll
0x00007fffe5e90000 - 0x00007fffe5ec1000 	C:\WINDOWS\System32\IMM32.DLL
0x00007fffcc120000 - 0x00007fffcc12c000 	C:\Users\umair\.p2\pool\plugins\org.eclipse.justj.openjdk.hotspot.jre.full.win32.x86_64_17.0.1.v20211116-1657\jre\bin\vcruntime140_1.dll
0x00007fff8fd60000 - 0x00007fff8fdf1000 	C:\Users\umair\.p2\pool\plugins\org.eclipse.justj.openjdk.hotspot.jre.full.win32.x86_64_17.0.1.v20211116-1657\jre\bin\msvcp140.dll
0x00007fff8e5c0000 - 0x00007fff8f206000 	C:\Users\umair\.p2\pool\plugins\org.eclipse.justj.openjdk.hotspot.jre.full.win32.x86_64_17.0.1.v20211116-1657\jre\bin\server\jvm.dll
0x00007fffe4710000 - 0x00007fffe47c0000 	C:\WINDOWS\System32\ADVAPI32.dll
0x00007fffe60d0000 - 0x00007fffe6176000 	C:\WINDOWS\System32\sechost.dll
0x00007fffe4980000 - 0x00007fffe4a97000 	C:\WINDOWS\System32\RPCRT4.dll
0x00007fffe5090000 - 0x00007fffe5098000 	C:\WINDOWS\System32\PSAPI.DLL
0x00007fffc5090000 - 0x00007fffc5099000 	C:\WINDOWS\SYSTEM32\WSOCK32.dll
0x00007fffdd680000 - 0x00007fffdd6b4000 	C:\WINDOWS\SYSTEM32\WINMM.dll
0x00007fffd5090000 - 0x00007fffd509a000 	C:\WINDOWS\SYSTEM32\VERSION.dll
0x00007fffe41f0000 - 0x00007fffe4261000 	C:\WINDOWS\System32\WS2_32.dll
0x00007fffe2820000 - 0x00007fffe2838000 	C:\WINDOWS\SYSTEM32\kernel.appcore.dll
0x00007fffda0c0000 - 0x00007fffda0ca000 	C:\Users\umair\.p2\pool\plugins\org.eclipse.justj.openjdk.hotspot.jre.full.win32.x86_64_17.0.1.v20211116-1657\jre\bin\jimage.dll
0x00007fffe1190000 - 0x00007fffe13be000 	C:\WINDOWS\SYSTEM32\DBGHELP.DLL
0x00007fffe4be0000 - 0x00007fffe4f6a000 	C:\WINDOWS\System32\combase.dll
0x00007fffe6370000 - 0x00007fffe6447000 	C:\WINDOWS\System32\OLEAUT32.dll
0x00007fffd07c0000 - 0x00007fffd07f2000 	C:\WINDOWS\SYSTEM32\dbgcore.DLL
0x00007fffe3a40000 - 0x00007fffe3aba000 	C:\WINDOWS\System32\bcryptPrimitives.dll
0x00007fffc6310000 - 0x00007fffc634b000 	C:\Users\umair\.p2\pool\plugins\org.eclipse.justj.openjdk.hotspot.jre.full.win32.x86_64_17.0.1.v20211116-1657\jre\bin\jdwp.dll
0x00007fffcc0b0000 - 0x00007fffcc0be000 	C:\Users\umair\.p2\pool\plugins\org.eclipse.justj.openjdk.hotspot.jre.full.win32.x86_64_17.0.1.v20211116-1657\jre\bin\instrument.dll
0x00007fffd0c70000 - 0x00007fffd0c95000 	C:\Users\umair\.p2\pool\plugins\org.eclipse.justj.openjdk.hotspot.jre.full.win32.x86_64_17.0.1.v20211116-1657\jre\bin\java.dll
0x00007fffd0720000 - 0x00007fffd0738000 	C:\Users\umair\.p2\pool\plugins\org.eclipse.justj.openjdk.hotspot.jre.full.win32.x86_64_17.0.1.v20211116-1657\jre\bin\zip.dll
0x00007fffe5180000 - 0x00007fffe59d8000 	C:\WINDOWS\System32\SHELL32.dll
0x00007fffe1720000 - 0x00007fffe2012000 	C:\WINDOWS\SYSTEM32\windows.storage.dll
0x00007fffe15e0000 - 0x00007fffe171e000 	C:\WINDOWS\SYSTEM32\wintypes.dll
0x00007fffe59e0000 - 0x00007fffe5ad3000 	C:\WINDOWS\System32\SHCORE.dll
0x00007fffe5ce0000 - 0x00007fffe5d3e000 	C:\WINDOWS\System32\shlwapi.dll
0x00007fffe3740000 - 0x00007fffe3766000 	C:\WINDOWS\SYSTEM32\profapi.dll
0x00007fffca8c0000 - 0x00007fffca8cc000 	C:\Users\umair\.p2\pool\plugins\org.eclipse.justj.openjdk.hotspot.jre.full.win32.x86_64_17.0.1.v20211116-1657\jre\bin\dt_socket.dll
0x00007fffe2270000 - 0x00007fffe229d000 	C:\WINDOWS\SYSTEM32\IPHLPAPI.DLL
0x00007fffe2d40000 - 0x00007fffe2da9000 	C:\WINDOWS\system32\mswsock.dll
0x00007fffe22a0000 - 0x00007fffe2399000 	C:\WINDOWS\SYSTEM32\DNSAPI.dll
0x00007fffe5080000 - 0x00007fffe5089000 	C:\WINDOWS\System32\NSI.dll
0x00007fffd1b80000 - 0x00007fffd1b8a000 	C:\Windows\System32\rasadhlp.dll
0x00007fffd50c0000 - 0x00007fffd5144000 	C:\WINDOWS\System32\fwpuclnt.dll
0x00007fffcd350000 - 0x00007fffcd369000 	C:\Users\umair\.p2\pool\plugins\org.eclipse.justj.openjdk.hotspot.jre.full.win32.x86_64_17.0.1.v20211116-1657\jre\bin\net.dll
0x00007fffdc950000 - 0x00007fffdca87000 	C:\WINDOWS\SYSTEM32\WINHTTP.dll
0x00007fffcd330000 - 0x00007fffcd345000 	C:\Users\umair\.p2\pool\plugins\org.eclipse.justj.openjdk.hotspot.jre.full.win32.x86_64_17.0.1.v20211116-1657\jre\bin\nio.dll
0x00007fffda0e0000 - 0x00007fffda0f0000 	C:\Users\umair\.p2\pool\plugins\org.eclipse.justj.openjdk.hotspot.jre.full.win32.x86_64_17.0.1.v20211116-1657\jre\bin\verify.dll
0x00007fffe2f90000 - 0x00007fffe2fab000 	C:\WINDOWS\SYSTEM32\CRYPTSP.dll
0x00007fffe2780000 - 0x00007fffe27b5000 	C:\WINDOWS\system32\rsaenh.dll
0x00007fffe2e30000 - 0x00007fffe2e5c000 	C:\WINDOWS\SYSTEM32\USERENV.dll
0x00007fffe3180000 - 0x00007fffe31a8000 	C:\WINDOWS\SYSTEM32\bcrypt.dll
0x00007fffe2fb0000 - 0x00007fffe2fbc000 	C:\WINDOWS\SYSTEM32\CRYPTBASE.dll
0x00007fffdbf60000 - 0x00007fffdbf79000 	C:\WINDOWS\SYSTEM32\dhcpcsvc6.DLL
0x00007fffdbf40000 - 0x00007fffdbf5f000 	C:\WINDOWS\SYSTEM32\dhcpcsvc.DLL

dbghelp: loaded successfully - version: 4.0.5 - missing functions: none
symbol engine: initialized successfully - sym options: 0x614 - pdb path: .;C:\Users\umair\.p2\pool\plugins\org.eclipse.justj.openjdk.hotspot.jre.full.win32.x86_64_17.0.1.v20211116-1657\jre\bin;C:\WINDOWS\SYSTEM32;C:\Program Files\AVAST Software\Avast;C:\WINDOWS\WinSxS\amd64_microsoft.windows.common-controls_6595b64144ccf1df_6.0.22621.2361_none_2712ced57382f843;C:\Users\umair\.p2\pool\plugins\org.eclipse.justj.openjdk.hotspot.jre.full.win32.x86_64_17.0.1.v20211116-1657\jre\bin\server

VM Arguments:
jvm_args: -XX:+ShowCodeDetailsInExceptionMessages -agentlib:jdwp=transport=dt_socket,suspend=y,address=localhost:59300 -javaagent:C:\Users\umair\eclipse\jee-2021-12\eclipse\configuration\org.eclipse.osgi\418\0\.cp\lib\javaagent-shaded.jar -Dfile.encoding=UTF-8 
java_command: npcs.App
java_class_path (initial): D:\sparqlprovstar-rewriting\target\classes;C:\Users\umair\.m2\repository\org\eclipse\rdf4j\rdf4j-common-annotation\4.2.1\rdf4j-common-annotation-4.2.1.jar;C:\Users\umair\.m2\repository\org\eclipse\rdf4j\rdf4j-common-exception\4.2.1\rdf4j-common-exception-4.2.1.jar;C:\Users\umair\.m2\repository\org\eclipse\rdf4j\rdf4j-common-io\4.2.1\rdf4j-common-io-4.2.1.jar;C:\Users\umair\.m2\repository\org\eclipse\rdf4j\rdf4j-common-iterator\4.2.1\rdf4j-common-iterator-4.2.1.jar;C:\Users\umair\.m2\repository\org\eclipse\rdf4j\rdf4j-common-text\4.2.1\rdf4j-common-text-4.2.1.jar;C:\Users\umair\.m2\repository\org\eclipse\rdf4j\rdf4j-common-transaction\4.2.1\rdf4j-common-transaction-4.2.1.jar;C:\Users\umair\.m2\repository\org\eclipse\rdf4j\rdf4j-common-util\4.2.1\rdf4j-common-util-4.2.1.jar;C:\Users\umair\.m2\repository\org\eclipse\rdf4j\rdf4j-common-xml\4.2.1\rdf4j-common-xml-4.2.1.jar;C:\Users\umair\.m2\repository\org\eclipse\rdf4j\rdf4j-queryalgebra-evaluation\4.2.1\rdf4j-queryalgebra-evaluation-4.2.1.jar;C:\Users\umair\.m2\repository\org\apache\commons\commons-math3\3.6.1\commons-math3-3.6.1.jar;C:\Users\umair\.m2\repository\org\eclipse\rdf4j\rdf4j-queryalgebra-geosparql\4.2.1\rdf4j-queryalgebra-geosparql-4.2.1.jar;C:\Users\umair\.m2\repository\org\locationtech\spatial4j\spatial4j\0.8\spatial4j-0.8.jar;C:\Users\umair\.m2\repository\org\locationtech\jts\jts-core\1.18.1\jts-core-1.18.1.jar;C:\Users\umair\.m2\repository\org\eclipse\rdf4j\rdf4j-repository-dataset\4.2.1\rdf4j-repository-dataset-4.2.1.jar;C:\Users\umair\.m2\repository\org\eclipse\rdf4j\rdf4j-repository-sail\4.2.1\rdf4j-repository-sail-4.2.1.jar;C:\Users\umair\.m2\repository\org\eclipse\rdf4j\rdf4j-sail-base\4.2.1\rdf4j-sail-base-4.2.1.jar;C:\Users\umair\.m2\repository\org\eclipse\rdf4j\rdf4j-sail-inferencer\4.2.1\rdf4j-sail-inferencer-4.2.1.jar;C:\Users\umair\.m2\repository\org\eclipse\rdf4j\rdf4j-sail-elasticsearch\4.2.1\rdf4j-sail-elasticsearch-4.2.1.jar;C:\Users\umair\.m2\repository\org\e
Launcher Type: SUN_STANDARD

[Global flags]
     intx CICompilerCount                          = 4                                         {product} {ergonomic}
     uint ConcGCThreads                            = 2                                         {product} {ergonomic}
     uint G1ConcRefinementThreads                  = 8                                         {product} {ergonomic}
   size_t G1HeapRegionSize                         = 2097152                                   {product} {ergonomic}
    uintx GCDrainStackTargetSize                   = 64                                        {product} {ergonomic}
   size_t InitialHeapSize                          = 264241152                                 {product} {ergonomic}
   size_t MarkStackSize                            = 4194304                                   {product} {ergonomic}
   size_t MaxHeapSize                              = 4227858432                                {product} {ergonomic}
   size_t MaxNewSize                               = 2535456768                                {product} {ergonomic}
   size_t MinHeapDeltaBytes                        = 2097152                                   {product} {ergonomic}
   size_t MinHeapSize                              = 8388608                                   {product} {ergonomic}
    uintx NonNMethodCodeHeapSize                   = 5839372                                {pd product} {ergonomic}
    uintx NonProfiledCodeHeapSize                  = 122909434                              {pd product} {ergonomic}
    uintx ProfiledCodeHeapSize                     = 122909434                              {pd product} {ergonomic}
    uintx ReservedCodeCacheSize                    = 251658240                              {pd product} {ergonomic}
     bool SegmentedCodeCache                       = true                                      {product} {ergonomic}
     bool ShowCodeDetailsInExceptionMessages       = true                                   {manageable} {command line}
   size_t SoftMaxHeapSize                          = 4227858432                             {manageable} {ergonomic}
     bool UseCompressedClassPointers               = true                           {product lp64_product} {ergonomic}
     bool UseCompressedOops                        = true                           {product lp64_product} {ergonomic}
     bool UseG1GC                                  = true                                      {product} {ergonomic}
     bool UseLargePagesIndividualAllocation        = false                                  {pd product} {ergonomic}

Logging:
Log output configuration:
 #0: stdout all=warning uptime,level,tags
 #1: stderr all=off uptime,level,tags

Environment Variables:
PATH=C:\Users\umair\.p2\pool\plugins\org.eclipse.justj.openjdk.hotspot.jre.full.win32.x86_64_17.0.1.v20211116-1657\jre\bin;C:/Users/umair/.p2/pool/plugins/org.eclipse.justj.openjdk.hotspot.jre.full.win32.x86_64_17.0.1.v20211116-1657/jre/bin/server;C:/Users/umair/.p2/pool/plugins/org.eclipse.justj.openjdk.hotspot.jre.full.win32.x86_64_17.0.1.v20211116-1657/jre/bin;C:\Program Files\Common Files\Oracle\Java\javapath;C:\WINDOWS\system32;C:\WINDOWS;C:\WINDOWS\System32\Wbem;C:\WINDOWS\System32\WindowsPowerShell\v1.0\;C:\WINDOWS\System32\OpenSSH\;C:\Program Files\dotnet\;C:\Program Files\TortoiseSVN\bin;C:\Users\umair\AppData\Local\Microsoft\WindowsApps;C:\Users\umair\AppData\Local\Programs\Git\cmd;C:\Users\umair\AppData\Local\GitHubDesktop\bin;;C:\WINDOWS\System32;
USERNAME=umair
OS=Windows_NT
PROCESSOR_IDENTIFIER=Intel64 Family 6 Model 142 Stepping 11, GenuineIntel



---------------  S Y S T E M  ---------------

OS:
 Windows 10 , 64 bit Build 22621 (10.0.22621.2428)
OS uptime: 4 days 12:17 hours
Hyper-V role detected

CPU: total 8 (initial active 8) (4 cores per cpu, 2 threads per core) family 6 model 142 stepping 11 microcode 0xea, cx8, cmov, fxsr, ht, mmx, 3dnowpref, sse, sse2, sse3, ssse3, sse4.1, sse4.2, popcnt, lzcnt, tsc, tscinvbit, avx, avx2, aes, erms, clmul, bmi1, bmi2, adx, fma, vzeroupper, clflush, clflushopt, hv

Memory: 4k page, system-wide physical 16120M (3969M free)
TotalPageFile size 23544M (AvailPageFile size 8904M)
current process WorkingSet (physical memory assigned to process): 87M, peak: 97M
current process commit charge ("private bytes"): 354M, peak: 364M

vm_info: OpenJDK 64-Bit Server VM (17.0.1+12) for windows-amd64 JRE (17.0.1+12), built on Oct 20 2021 07:42:55 by "" with MS VC++ 16.7 (VS2019)

END.
